2025-02-25 19:51:59,891 - INFO - 創建完整殘差網絡模型
2025-02-25 19:51:59,894 - INFO - 開始訓練，迭代次數: 20
2025-02-25 19:51:59,895 - INFO - 訓練配置: {'batch_size': 256, 'epochs_per_iteration': 10, 'num_self_play_games': 300, 'num_mcts_simulations': 800, 'output_dir': 'models', 'log_dir': 'models\\logs', 'use_mixed_precision': False, 'lr_schedule': [(0, 0.001), (10000, 0.0001), (50000, 1e-05)]}
2025-02-25 19:51:59,896 - INFO - Using MirroredStrategy with devices ('/job:localhost/replica:0/task:0/device:CPU:0',)
2025-02-25 19:51:59,903 - INFO - 配置已保存到 models\config.json
2025-02-25 19:51:59,925 - INFO - 開始訓練循環，計劃執行 20 次迭代
2025-02-25 19:51:59,926 - INFO - ===== 迭代 1/20 =====
2025-02-25 19:51:59,926 - INFO - 開始自我對弈...
2025-02-25 19:52:00,017 - ERROR - 程序執行過程中發生錯誤: Input 0 of layer "functional" is incompatible with the layer: expected shape=(None, 19, 19, 17), found shape=(1, 20, 19, 19)
Traceback (most recent call last):
  File "C:\Users\User\Desktop\SilvAGo\train.py", line 277, in <module>
    main()
  File "C:\Users\User\Desktop\SilvAGo\train.py", line 273, in main
    pipeline = train(model, args)
               ^^^^^^^^^^^^^^^^^^
  File "C:\Users\User\Desktop\SilvAGo\train.py", line 208, in train
    pipeline.run_training(args.iterations, initial_data=initial_data)
  File "C:\Users\User\Desktop\SilvAGo\ml\training.py", line 560, in run_training
    history = self.training_iteration(initial_data if i == 0 else None)
              ^^^^^^^^^^^^^^^^^^^^^^^^^^^^^^^^^^^^^^^^^^^^^^^^^^^^^^^^^
  File "C:\Users\User\Desktop\SilvAGo\ml\training.py", line 513, in training_iteration
    states, policies, values = self.self_play()
                               ^^^^^^^^^^^^^^^^
  File "C:\Users\User\Desktop\SilvAGo\ml\training.py", line 204, in self_play
    probs, _ = mcts.get_action_probs(game, temperature=temp)
               ^^^^^^^^^^^^^^^^^^^^^^^^^^^^^^^^^^^^^^^^^^^^^
  File "C:\Users\User\Desktop\SilvAGo\search\mcts.py", line 180, in get_action_probs
    policy, value = self._evaluate_state(features)
                    ^^^^^^^^^^^^^^^^^^^^^^^^^^^^^^
  File "C:\Users\User\Desktop\SilvAGo\search\mcts.py", line 260, in _evaluate_state
    policy_output, value_output = self.model.predict(X, verbose=0)
                                  ^^^^^^^^^^^^^^^^^^^^^^^^^^^^^^^^
  File "C:\Users\User\anaconda3\Lib\site-packages\keras\src\utils\traceback_utils.py", line 122, in error_handler
    raise e.with_traceback(filtered_tb) from None
  File "C:\Users\User\anaconda3\Lib\site-packages\keras\src\layers\input_spec.py", line 245, in assert_input_compatibility
    raise ValueError(
ValueError: Input 0 of layer "functional" is incompatible with the layer: expected shape=(None, 19, 19, 17), found shape=(1, 20, 19, 19)
2025-02-25 19:53:39,682 - INFO - 創建完整殘差網絡模型
2025-02-25 19:53:39,682 - INFO - 開始訓練，迭代次數: 20
2025-02-25 19:53:39,683 - INFO - 訓練配置: {'batch_size': 256, 'epochs_per_iteration': 10, 'num_self_play_games': 300, 'num_mcts_simulations': 800, 'output_dir': 'models', 'log_dir': 'models\\logs', 'use_mixed_precision': False, 'lr_schedule': [(0, 0.001), (10000, 0.0001), (50000, 1e-05)]}
2025-02-25 19:53:39,683 - INFO - Using MirroredStrategy with devices ('/job:localhost/replica:0/task:0/device:CPU:0',)
2025-02-25 19:53:39,690 - INFO - 配置已保存到 models\config.json
2025-02-25 19:53:39,692 - INFO - 開始訓練循環，計劃執行 20 次迭代
2025-02-25 19:53:39,692 - INFO - ===== 迭代 1/20 =====
2025-02-25 19:53:39,693 - INFO - 開始自我對弈...
