2025-03-27 11:45:38,247 - INFO - 已強制使用CPU進行計算
2025-03-27 11:45:38,249 - INFO - 從 process_kgs_dataset_50000.npz 載入數據...
2025-03-27 11:45:40,600 - INFO - 原始數據形狀：X: (3139671, 19, 19), y: (3139671, 19, 19)
2025-03-27 11:45:40,601 - INFO - 開始處理數據...
2025-03-27 11:51:34,045 - INFO - 已強制使用CPU進行計算
2025-03-27 11:51:34,047 - INFO - 從 process_kgs_dataset_50000.npz 載入數據...
2025-03-27 11:51:36,664 - INFO - 原始數據形狀：X: (3139671, 19, 19), y: (3139671, 19, 19)
2025-03-27 11:51:38,417 - INFO - 應用抽樣後的數據形狀：X: (1569835, 19, 19), y: (1569835, 19, 19)
2025-03-27 11:51:38,422 - INFO - 抽樣比例: 50.00%
2025-03-27 11:51:38,422 - INFO - 開始處理數據...
2025-03-27 11:52:29,634 - INFO - 已強制使用CPU進行計算
2025-03-27 11:52:29,635 - INFO - 從 process_kgs_dataset_50000.npz 載入數據...
2025-03-27 11:52:32,547 - INFO - 原始數據形狀：X: (3139671, 19, 19), y: (3139671, 19, 19)
2025-03-27 11:52:34,757 - INFO - 應用抽樣後的數據形狀：X: (941901, 19, 19), y: (941901, 19, 19)
2025-03-27 11:52:34,758 - INFO - 抽樣比例: 30.00%
2025-03-27 11:52:34,758 - INFO - 開始處理數據...
2025-03-27 11:56:30,687 - ERROR - 載入數據時出錯: 
2025-03-27 11:56:30,691 - ERROR - 程序執行過程中發生錯誤: 
Traceback (most recent call last):
  File "C:\Users\User\Desktop\SilvAGo\train_cnn_mcts.py", line 355, in <module>
    main()
  File "C:\Users\User\Desktop\SilvAGo\train_cnn_mcts.py", line 342, in main
    model, history = train_cnn_rnn_model(
                     ^^^^^^^^^^^^^^^^^^^^
  File "C:\Users\User\Desktop\SilvAGo\train_cnn_mcts.py", line 208, in train_cnn_rnn_model
    train_data, val_data = load_and_preprocess_data(
                           ^^^^^^^^^^^^^^^^^^^^^^^^^
  File "C:\Users\User\Desktop\SilvAGo\train_cnn_mcts.py", line 129, in load_and_preprocess_data
    X_board.append(features)
MemoryError
2025-03-27 11:58:12,787 - INFO - 已強制使用CPU進行計算
2025-03-27 11:58:12,788 - INFO - 從 process_kgs_dataset_50000.npz 載入數據...
2025-03-27 11:58:15,244 - INFO - 原始數據形狀：X: (3139671, 19, 19), y: (3139671, 19, 19)
2025-03-27 11:58:15,516 - INFO - 應用抽樣後的數據形狀：X: (313967, 19, 19), y: (313967, 19, 19)
2025-03-27 11:58:15,517 - INFO - 抽樣比例: 10.00%
2025-03-27 11:58:15,517 - INFO - 開始處理數據...
2025-03-27 12:00:09,229 - INFO - 處理完成。訓練集大小: 282570, 驗證集大小: 31397
2025-03-27 12:00:09,244 - INFO - 創建CNN-RNN混合模型...
2025-03-27 12:00:10,003 - INFO - 開始訓練模型...
2025-03-27 13:14:52,398 - INFO - 已強制使用CPU進行計算
2025-03-27 13:14:52,399 - INFO - 從 C:\Users\User\Desktop\SilvAGo\processed_kgs_data8.npz 載入數據...
2025-03-27 13:14:55,124 - INFO - 原始數據形狀：X: (965034, 19, 19), y: (965034, 19, 19)
2025-03-27 13:14:55,124 - INFO - 開始處理數據...
2025-03-27 13:23:34,132 - INFO - 已強制使用CPU進行計算
2025-03-27 13:23:34,133 - INFO - 從 process_kgs_dataset_50000.npz 載入數據...
2025-03-27 13:23:36,262 - INFO - 原始數據形狀：X: (3139671, 19, 19), y: (3139671, 19, 19)
2025-03-27 13:23:36,521 - INFO - 應用抽樣後的數據形狀：X: (313967, 19, 19), y: (313967, 19, 19)
2025-03-27 13:23:36,522 - INFO - 抽樣比例: 10.00%
2025-03-27 13:23:36,522 - INFO - 開始處理數據...
2025-03-27 13:24:58,765 - INFO - 處理完成。訓練集大小: 282570, 驗證集大小: 31397
2025-03-27 13:24:58,772 - INFO - 創建CNN-RNN混合模型...
2025-03-27 13:24:59,357 - INFO - 開始訓練模型...
